time=2024-12-25T17:48:14.412+03:00 level=INFO msg="started grpc server"
time=2024-12-25T17:48:35.839+03:00 level=INFO msg=InitSession Request="" Response="session_uuid:\"cfcf8e88-5743-47e0-84a9-3a51d51fd917\""
time=2024-12-25T17:49:02.941+03:00 level=INFO msg=InitSession Request="" Response="session_uuid:\"6aa3e241-70ea-404d-aa59-7371d72ef9d0\""
time=2024-12-25T17:49:30.174+03:00 level=INFO msg=CreateChat Request="session_uuid:\"6aa3e241-70ea-404d-aa59-7371d72ef9d0\" ttl:120" Response="chat_uuid:\"e5d07cf1-01de-49df-82f2-2e9d4a7c951a\""
time=2024-12-25T17:50:01.869+03:00 level=INFO msg=SendMessage Request="chat_uuid:\"e5d07cf1-01de-49df-82f2-2e9d4a7c951a\" session_uuid:\"6aa3e241-70ea-404d-aa59-7371d72ef9d0\" message:\"cillum deserunt ex\"" Response=""
time=2024-12-25T17:50:23.399+03:00 level=INFO msg=SendMessage Request="chat_uuid:\"e5d07cf1-01de-49df-82f2-2e9d4a7c951a\" session_uuid:\"cfcf8e88-5743-47e0-84a9-3a51d51fd917\" message:\"Hello\"" Response=""
time=2024-12-25T17:50:25.769+03:00 level=INFO msg=SendMessage Request="chat_uuid:\"e5d07cf1-01de-49df-82f2-2e9d4a7c951a\" session_uuid:\"cfcf8e88-5743-47e0-84a9-3a51d51fd917\" message:\"Hello\"" Response=""
time=2024-12-25T17:50:41.309+03:00 level=INFO msg=GetHistory Request="chat_uuid:\"e5d07cf1-01de-49df-82f2-2e9d4a7c951a\"" Response="History for chat_uuid:\"e5d07cf1-01de-49df-82f2-2e9d4a7c951a\" successfully sent"
time=2024-12-25T17:51:23.112+03:00 level=INFO msg=GetHistory Request="chat_uuid:\"e5d07cf1-01de-49df-82f2-2e9d4a7c951a\"" Response="History for chat_uuid:\"e5d07cf1-01de-49df-82f2-2e9d4a7c951a\" successfully sent"
time=2024-12-25T17:51:30.135+03:00 level=INFO msg=InitSession Request="" Response="session_uuid:\"dbe6c619-3055-4de0-9ae7-5939a2fa3261\""
time=2024-12-25T17:56:48.235+03:00 level=INFO msg="started grpc server"
time=2024-12-25T17:56:56.731+03:00 level=INFO msg=InitSession Request="" Response="session_uuid:\"d647ddc1-9d1f-4752-a444-6b1e0281336e\""
time=2024-12-25T17:57:10.277+03:00 level=INFO msg=CreateChat Request="session_uuid:\"d647ddc1-9d1f-4752-a444-6b1e0281336e\" ttl:10" Response="chat_uuid:\"3923092d-caec-4f94-b153-fb0906cc4c3d\""
time=2024-12-25T17:57:20.278+03:00 level=ERROR msg=DeleteChat sessionUuid=d647ddc1-9d1f-4752-a444-6b1e0281336e chatUuid=3923092d-caec-4f94-b153-fb0906cc4c3d error="panic occured: runtime error: invalid memory address or nil pointer dereference"
time=2024-12-25T17:58:26.827+03:00 level=INFO msg=GetHistory Request="chat_uuid:\"3923092d-caec-4f94-b153-fb0906cc4c3d\"" Error="rpc error: code = NotFound desc = chat not found"
time=2024-12-25T18:01:32.601+03:00 level=INFO msg="started grpc server"
time=2024-12-25T18:01:38.506+03:00 level=INFO msg=GetHistory Request="chat_uuid:\"3923092d-caec-4f94-b153-fb0906cc4c3d\"" Error="rpc error: code = NotFound desc = chat not found"
time=2024-12-25T18:02:02.254+03:00 level=INFO msg="started grpc server"
time=2024-12-25T18:02:10.376+03:00 level=INFO msg=InitSession Request="" Response="session_uuid:\"9d70d7a1-e3b0-4e1a-b1a2-f3d0d14d0c9c\""
time=2024-12-25T18:02:25.331+03:00 level=INFO msg=CreateChat Request="session_uuid:\"9d70d7a1-e3b0-4e1a-b1a2-f3d0d14d0c9c\"  ttl:5" Response="chat_uuid:\"024090c8-2570-4e8a-9b12-f509b9d4fab7\""
time=2024-12-25T18:02:30.332+03:00 level=ERROR msg=DeleteChat sessionUuid=9d70d7a1-e3b0-4e1a-b1a2-f3d0d14d0c9c chatUuid=024090c8-2570-4e8a-9b12-f509b9d4fab7 error=""
time=2024-12-25T19:02:48.449+03:00 level=INFO msg="started grpc server"
time=2024-12-25T19:02:59.714+03:00 level=INFO msg=InitSession Request="" Response="session_uuid:\"d07204a6-059d-40e0-95e1-9aa1eb1e93d4\""
time=2024-12-25T19:03:15.207+03:00 level=INFO msg=InitSession Request="" Response="session_uuid:\"85f603e4-de65-4994-ade8-222509ea84af\""
time=2024-12-25T19:03:15.974+03:00 level=INFO msg=InitSession Request="" Response="session_uuid:\"10eee1bb-d6e8-4ec4-ab55-b531edf5dd1d\""
time=2024-12-25T19:30:51.158+03:00 level=INFO msg=InitSession Request="" Response="session_uuid:\"fce7e77b-150f-4088-ab2b-ce2d269e8a87\""
time=2024-12-25T19:31:05.203+03:00 level=INFO msg=CreateChat Request="session_uuid:\"fce7e77b-150f-4088-ab2b-ce2d269e8a87\" ttl:30" Response="chat_uuid:\"87a93cea-0bbe-4bec-9533-3ac242f2992d\""
time=2024-12-25T19:31:35.203+03:00 level=INFO msg=DeleteChat sessionUuid=fce7e77b-150f-4088-ab2b-ce2d269e8a87 chatUuid=87a93cea-0bbe-4bec-9533-3ac242f2992d
time=2024-12-25T21:19:31.535+03:00 level=INFO msg="started grpc server"
time=2024-12-25T21:19:46.724+03:00 level=INFO msg=InitSession Request="" Response="session_uuid:\"99bb9f11-1028-4acf-86c4-c6606fa9a74d\""
time=2024-12-25T21:20:20.081+03:00 level=INFO msg=CreateChat Request="session_uuid:\"99bb9f11-1028-4acf-86c4-c6606fa9a74d\"" Response="chat_uuid:\"f333c8df-514c-4276-8cce-046e6cdf720c\""
time=2024-12-25T21:29:46.801+03:00 level=INFO msg="started grpc server"
time=2024-12-25T21:30:55.749+03:00 level=INFO msg=InitSession Request="" Response="session_uuid:\"ea543bc4-cdba-4d63-bf9b-9ddd9c72409d\""
time=2024-12-25T21:30:55.749+03:00 level=INFO msg=InitSession Request="" Response="session_uuid:\"279b4495-ec16-474a-b28f-87ab84858cb6\""
time=2024-12-25T21:30:55.749+03:00 level=INFO msg=InitSession Request="" Response="session_uuid:\"4a6d9034-7b42-4631-8a61-96bfa39096cd\""
time=2024-12-25T21:31:23.222+03:00 level=INFO msg=CreateChat Request="session_uuid:\"4a6d9034-7b42-4631-8a61-96bfa39096cd\" ttl:1000" Response="chat_uuid:\"36f91ae5-d7a1-4b22-ad7d-879fb4283267\""
time=2024-12-25T21:31:40.429+03:00 level=INFO msg=SendMessage Request="chat_uuid:\"36f91ae5-d7a1-4b22-ad7d-879fb4283267\" session_uuid:\"279b4495-ec16-474a-b28f-87ab84858cb6\" message:\"Hello\"" Response=""
time=2024-12-25T21:31:49.929+03:00 level=INFO msg=SendMessage Request="chat_uuid:\"36f91ae5-d7a1-4b22-ad7d-879fb4283267\" session_uuid:\"ea543bc4-cdba-4d63-bf9b-9ddd9c72409d\" message:\"Hello\"" Response=""
time=2024-12-25T21:31:56.500+03:00 level=INFO msg=GetHistory Request="chat_uuid:\"36f91ae5-d7a1-4b22-ad7d-879fb4283267\"" Response="History for chat_uuid:\"36f91ae5-d7a1-4b22-ad7d-879fb4283267\" successfully sent"
time=2024-12-25T21:33:49.564+03:00 level=INFO msg="started grpc server"
time=2024-12-25T21:34:24.028+03:00 level=INFO msg=InitSession Request="" Response="session_uuid:\"a9b40bbf-b241-4bf2-b410-30d892b20f37\""
time=2024-12-25T21:34:30.784+03:00 level=INFO msg=InitSession Request="" Response="session_uuid:\"c42d95b0-7203-4dcc-be63-e768af68e69f\""
time=2024-12-25T21:34:33.222+03:00 level=INFO msg=InitSession Request="" Response="session_uuid:\"d6bbd80b-4f86-4b85-a80e-ab6e1dbd7585\""
time=2024-12-25T21:34:46.239+03:00 level=INFO msg=CreateChat Request="session_uuid:\"a9b40bbf-b241-4bf2-b410-30d892b20f37\" ttl:10000" Response="chat_uuid:\"0ecb2c50-f84a-4e50-a4e4-0da53dcabd7c\""
time=2024-12-25T21:35:10.104+03:00 level=INFO msg=SendMessage Request="chat_uuid:\"0ecb2c50-f84a-4e50-a4e4-0da53dcabd7c\" session_uuid:\"c42d95b0-7203-4dcc-be63-e768af68e69f\" message:\"Hello\"" Response=""
time=2024-12-25T21:35:23.497+03:00 level=INFO msg=SendMessage Request="chat_uuid:\"0ecb2c50-f84a-4e50-a4e4-0da53dcabd7c]\" session_uuid:\"d6bbd80b-4f86-4b85-a80e-ab6e1dbd7585\" message:\"Hey\"" Error="rpc error: code = NotFound desc = chat not found"
time=2024-12-25T21:35:44.807+03:00 level=INFO msg=SendMessage Request="chat_uuid:\"0ecb2c50-f84a-4e50-a4e4-0da53dcabd7c\" session_uuid:\"d6bbd80b-4f86-4b85-a80e-ab6e1dbd7585\" message:\"Hey\"" Response=""
time=2024-12-25T21:35:54.728+03:00 level=INFO msg=SendMessage Request="chat_uuid:\"0ecb2c50-f84a-4e50-a4e4-0da53dcabd7c\" session_uuid:\"a9b40bbf-b241-4bf2-b410-30d892b20f37\" message:\"Hey\"" Response=""
time=2024-12-25T21:36:00.973+03:00 level=INFO msg=GetHistory Request="chat_uuid:\"0ecb2c50-f84a-4e50-a4e4-0da53dcabd7c\"" Response="History for chat_uuid:\"0ecb2c50-f84a-4e50-a4e4-0da53dcabd7c\" successfully sent"
time=2024-12-25T21:36:52.299+03:00 level=INFO msg=CreateChat Request="session_uuid:\"c42d95b0-7203-4dcc-be63-e768af68e69f\" ttl:10000 read_only:true" Response="chat_uuid:\"4ea4640d-4083-4167-8a3b-fafe1f39db71\""
time=2024-12-25T21:37:10.095+03:00 level=INFO msg=CreateChat Request="session_uuid:\"c42d95b0-7203-4dcc-be63-e768af68e69f\" ttl:10000 read_only:true" Response="chat_uuid:\"1cf86e4c-c851-4a00-bbd4-12b1819c3fa0\""
time=2024-12-25T21:37:19.848+03:00 level=INFO msg=SendMessage Request="chat_uuid:\"4ea4640d-4083-4167-8a3b-fafe1f39db71\" session_uuid:\"a9b40bbf-b241-4bf2-b410-30d892b20f37\" message:\"K\"" Error="rpc error: code = PermissionDenied desc = prohibited. Only creator can send"
time=2024-12-25T21:40:26.701+03:00 level=INFO msg="started grpc server"
time=2024-12-25T21:40:33.182+03:00 level=INFO msg=InitSession Request="" Response="session_uuid:\"90ccfc06-5b4a-4ad7-8614-9d4eab39d3d9\""
time=2024-12-25T21:44:15.739+03:00 level=INFO msg="started grpc server"
time=2024-12-25T21:44:24.206+03:00 level=INFO msg=InitSession Request="" Response="session_uuid:\"2918e505-b06a-4430-b593-afd168c0b2da\""
time=2024-12-25T21:44:39.421+03:00 level=INFO msg=InitSession Request="" Response="session_uuid:\"f3729da5-5a2a-4fd7-a5da-b296ac4806b6\""
time=2024-12-25T21:44:49.488+03:00 level=INFO msg=InitSession Request="" Response="session_uuid:\"dbe722b2-31a7-4654-bf6b-c607aab3bcd1\""
time=2024-12-25T21:46:23.580+03:00 level=INFO msg="started grpc server"
time=2024-12-25T21:48:43.786+03:00 level=INFO msg=InitSession Request="" Response="session_uuid:\"b4a0f5be-48f1-4c2e-86d1-6d0cfc86e5a1\""
time=2024-12-25T21:48:45.364+03:00 level=INFO msg=InitSession Request="" Response="session_uuid:\"90190b33-f1c5-49a3-aca2-099c26f1ee69\""
time=2024-12-25T21:48:48.995+03:00 level=INFO msg=InitSession Request="" Response="session_uuid:\"e7e2387d-4f18-4be5-82b9-dbabe3f3fe22\""
time=2024-12-25T21:49:17.976+03:00 level=INFO msg=CreateChat Request="session_uuid:\"e7e2387d-4f18-4be5-82b9-dbabe3f3fe22\" ttl:100" Response="chat_uuid:\"065ded8d-1d51-4eae-8b19-184719b4d5b2\""
time=2024-12-25T21:50:01.251+03:00 level=INFO msg=SendMessage Request="chat_uuid:\"065ded8d-1d51-4eae-8b19-184719b4d5b2\" session_uuid:\"90190b33-f1c5-49a3-aca2-099c26f1ee69\" message:\"KOKOK\"" Response=""
time=2024-12-25T21:50:06.456+03:00 level=INFO msg=CreateChat Request="session_uuid:\"e7e2387d-4f18-4be5-82b9-dbabe3f3fe22\"" Response="chat_uuid:\"7605eed9-ca7e-4fc0-ab6e-208b4c08e8ee\""
time=2024-12-25T21:50:48.368+03:00 level=INFO msg=GetHistory Request="chat_uuid:\"065ded8d-1d51-4eae-8b19-184719b4d5b2\"" Response="History for chat_uuid:\"065ded8d-1d51-4eae-8b19-184719b4d5b2\" successfully sent"
time=2024-12-25T21:50:57.977+03:00 level=INFO msg=DeleteChat sessionUuid=e7e2387d-4f18-4be5-82b9-dbabe3f3fe22 chatUuid=065ded8d-1d51-4eae-8b19-184719b4d5b2
time=2024-12-25T21:55:33.550+03:00 level=INFO msg="started grpc server"
time=2024-12-25T21:55:43.678+03:00 level=INFO msg=InitSession Request="" Response="session_uuid:\"0c28a60f-2b7d-4aa8-b9a5-24ff24b42f94\""
time=2024-12-25T21:55:54.577+03:00 level=INFO msg=CreateChat Request="session_uuid:\"0c28a60f-2b7d-4aa8-b9a5-24ff24b42f94\" ttl:1000" Response="chat_uuid:\"117e1a56-f711-4f7c-9580-ef54c86f203f\""
time=2024-12-25T21:56:02.187+03:00 level=INFO msg=CreateChat Request="session_uuid:\"0c28a60f-2b7d-4aa8-b9a5-24ff24b42f94\" ttl:1000" Response="chat_uuid:\"b846deb9-d6c3-4102-9b82-866f34eefd7e\""
time=2024-12-25T21:56:06.973+03:00 level=INFO msg=CreateChat Request="session_uuid:\"0c28a60f-2b7d-4aa8-b9a5-24ff24b42f94\" ttl:1000" Response="chat_uuid:\"ec42ed33-eb61-413a-972d-592ec935379b\""
time=2024-12-25T21:56:31.136+03:00 level=INFO msg=SendMessage Request="chat_uuid:\"117e1a56-f711-4f7c-9580-ef54c86f203f\" session_uuid:\"0c28a60f-2b7d-4aa8-b9a5-24ff24b42f94\" message:\"d\"" Error="rpc error: code = NotFound desc = chat not found"
time=2024-12-25T22:12:34.578+03:00 level=ERROR msg=DeleteChat sessionUuid=0c28a60f-2b7d-4aa8-b9a5-24ff24b42f94 chatUuid=117e1a56-f711-4f7c-9580-ef54c86f203f error="chat not found"
time=2024-12-25T22:12:34.578+03:00 level=INFO msg=DeleteChat sessionUuid=0c28a60f-2b7d-4aa8-b9a5-24ff24b42f94 chatUuid=117e1a56-f711-4f7c-9580-ef54c86f203f
time=2024-12-25T22:12:42.188+03:00 level=INFO msg=DeleteChat sessionUuid=0c28a60f-2b7d-4aa8-b9a5-24ff24b42f94 chatUuid=b846deb9-d6c3-4102-9b82-866f34eefd7e
time=2024-12-25T22:12:46.974+03:00 level=INFO msg=DeleteChat sessionUuid=0c28a60f-2b7d-4aa8-b9a5-24ff24b42f94 chatUuid=ec42ed33-eb61-413a-972d-592ec935379b
time=2024-12-25T23:52:54.975+03:00 level=INFO msg="started grpc server"
time=2024-12-25T23:53:33.855+03:00 level=INFO msg="started grpc server"
time=2024-12-25T23:54:26.365+03:00 level=INFO msg=InitSession Request="" Response="session_uuid:\"c334b78b-b532-4403-9ba4-6d8739f07224\""
time=2024-12-25T23:54:27.445+03:00 level=INFO msg=InitSession Request="" Response="session_uuid:\"aa2d582f-9b81-4b39-adb8-230266927d8e\""
time=2024-12-25T23:54:29.858+03:00 level=INFO msg=InitSession Request="" Response="session_uuid:\"e60229c5-72a8-4916-9f2b-bc757c9f6b70\""
time=2024-12-26T00:31:35.925+03:00 level=INFO msg="started grpc server"
time=2024-12-26T00:31:46.829+03:00 level=INFO msg=InitSession Request="" Response="session_uuid:\"7e34e83b-7518-4c2e-8730-02614f9c8af7\""
time=2024-12-26T00:33:58.947+03:00 level=INFO msg=InitSession Request="" Response="session_uuid:\"5d0baf3b-43fc-44e8-bccf-24c8c804f3d0\""
time=2024-12-26T17:23:06.422+03:00 level=INFO msg="started grpc server"
time=2024-12-26T17:24:11.470+03:00 level=INFO msg=CreateChat Request="" Error="rpc error: code = NotFound desc = user doesn't exist"
time=2024-12-26T17:26:05.452+03:00 level=INFO msg="started grpc server"
time=2024-12-26T17:26:11.576+03:00 level=INFO msg=SendMessage Request="" Error="rpc error: code = NotFound desc = chat not found"
time=2024-12-26T17:35:45.417+03:00 level=INFO msg="started grpc server"
time=2024-12-26T17:35:49.162+03:00 level=INFO msg=SendMessage Request="" Error="rpc error: code = InvalidArgument desc = Not all parameters sent in request"
time=2024-12-26T17:35:49.163+03:00 level=INFO msg=SendMessage Request="" Error="rpc error: code = NotFound desc = chat not found"
time=2024-12-26T17:35:54.881+03:00 level=INFO msg=CreateChat Request="" Error="rpc error: code = InvalidArgument desc = Not all parameters sent in request"
time=2024-12-26T17:35:54.881+03:00 level=INFO msg=CreateChat Request="" Error="rpc error: code = NotFound desc = user doesn't exist"
time=2024-12-26T17:36:59.829+03:00 level=INFO msg="started grpc server"
time=2024-12-26T17:37:32.799+03:00 level=INFO msg="started grpc server"
time=2024-12-26T17:37:43.077+03:00 level=INFO msg=CreateChat Request="" Error="rpc error: code = InvalidArgument desc = Not all parameters sent in request"
time=2024-12-26T17:37:52.750+03:00 level=INFO msg=CreateChat Request="session_uuid:\"ipsum nulla ad\" ttl:-1583641699" Error="rpc error: code = NotFound desc = user doesn't exist"
time=2024-12-26T18:20:14.020+03:00 level=INFO msg="started grpc server"
time=2024-12-26T18:20:21.006+03:00 level=INFO msg=CreateChat Request="session_uuid:\"ipsum nulla ad\" ttl:-1583641699" Error="rpc error: code = NotFound desc = user doesn't exist"
time=2024-12-26T18:20:22.019+03:00 level=INFO msg=CreateChat Request="session_uuid:\"ipsum nulla ad\" ttl:-1583641699" Error="rpc error: code = NotFound desc = user doesn't exist"
time=2024-12-26T18:21:40.389+03:00 level=INFO msg="started grpc server"
time=2024-12-26T18:21:43.996+03:00 level=INFO msg=CreateChat Request="session_uuid:\"ipsum nulla ad\" ttl:-1583641699" Error="rpc error: code = InvalidArgument desc = not all parameters sent in request"
time=2024-12-26T18:37:02.918+03:00 level=INFO msg="started grpc server"
time=2024-12-26T18:37:15.035+03:00 level=INFO msg=CreateChat Request="session_uuid:\"ipsum nulla ad\"  ttl:-1583641699" Error="rpc error: code = InvalidArgument desc = invalid uuid provided"
time=2024-12-26T18:37:20.738+03:00 level=INFO msg=SendMessage Request="session_uuid:\"ipsum nulla ad\"" Error="rpc error: code = NotFound desc = chat not found"
time=2024-12-26T18:37:40.958+03:00 level=INFO msg="started grpc server"
time=2024-12-26T18:37:45.022+03:00 level=INFO msg=SendMessage Request="session_uuid:\"ipsum nulla ad\"" Error="rpc error: code = InvalidArgument desc = invalid uuid provided"
time=2024-12-26T18:37:49.275+03:00 level=INFO msg=GetHistory Request="" Error="rpc error: code = InvalidArgument desc = invalid uuid provided"
time=2024-12-26T18:45:39.149+03:00 level=INFO msg="started grpc server"
time=2024-12-26T18:45:58.179+03:00 level=INFO msg=InitSession Request="" Response="session_uuid:\"10443f3d-8ef0-4f9d-97db-c9900687351c\""
time=2024-12-26T18:46:08.054+03:00 level=INFO msg=CreateChat Request="session_uuid:\"10443f3d-8ef0-4f9d-97db-c9900687351c\"  ttl:100" Response="chat_uuid:\"0f990190-2069-4d63-a5df-d14b0a654c23\""
time=2024-12-26T18:46:23.115+03:00 level=INFO msg=SendMessage Request="chat_uuid:\"0f990190-2069-4d63-a5df-d14b0a654c23\"  session_uuid:\"10443f3d-8ef0-4f9d-97db-c9900687351c\"  message:\".\"" Response=""
time=2024-12-26T18:46:33.299+03:00 level=INFO msg=GetHistory Request="chat_uuid:\"0f990190-2069-4d63-a5df-d14b0a654c23\"" Response="History for chat_uuid:\"0f990190-2069-4d63-a5df-d14b0a654c23\" successfully sent"
time=2024-12-26T18:47:48.054+03:00 level=INFO msg=DeleteChat sessionUuid=10443f3d-8ef0-4f9d-97db-c9900687351c chatUuid=0f990190-2069-4d63-a5df-d14b0a654c23
time=2024-12-26T20:31:09.306+03:00 level=INFO msg="started grpc server"
time=2024-12-26T20:31:19.209+03:00 level=INFO msg="started grpc server"
time=2024-12-26T20:37:10.807+03:00 level=INFO msg=InitSession Request="" Response="session_uuid:\"ab883ed4-5217-40bf-8b35-0c42b3d2342a\""
time=2024-12-26T20:37:52.449+03:00 level=INFO msg=InitSession Request="" Response="session_uuid:\"e33e892f-c98e-429b-894f-7700ad54c056\""
time=2024-12-26T20:38:04.616+03:00 level=INFO msg=CreateChat Request="chat:{session_uuid:\"e33e892f-c98e-429b-894f-7700ad54c056\"}" Response="chat_uuid:\"55d9eb1f-f738-4a40-a230-531ee9ebd15e\""
time=2024-12-26T20:38:10.507+03:00 level=INFO msg=CreateChat Request="chat:{session_uuid:\"e33e892f-c98e-429b-894f-7700ad54c056\"  ttl:4}" Response="chat_uuid:\"2539ab1b-096e-40d4-a477-e39dc5512a5e\""
time=2024-12-26T20:38:14.508+03:00 level=INFO msg=DeleteChat sessionUuid=e33e892f-c98e-429b-894f-7700ad54c056 chatUuid=2539ab1b-096e-40d4-a477-e39dc5512a5e
time=2024-12-26T20:38:17.941+03:00 level=INFO msg=GetActiveChats Request="" Response="Active chats successfully sent"
time=2024-12-26T20:38:29.450+03:00 level=INFO msg=CreateChat Request="chat:{session_uuid:\"e33e892f-c98e-429b-894f-7700ad54c056\"  ttl:100}" Response="chat_uuid:\"06401813-86a8-48b2-9fc6-d26f6d5da696\""
time=2024-12-26T20:38:34.548+03:00 level=INFO msg=GetActiveChats Request="" Response="Active chats successfully sent"
time=2024-12-26T20:38:55.467+03:00 level=INFO msg=GetActiveChats Request="" Response="Active chats successfully sent"
time=2024-12-26T20:40:09.451+03:00 level=INFO msg=DeleteChat sessionUuid=e33e892f-c98e-429b-894f-7700ad54c056 chatUuid=06401813-86a8-48b2-9fc6-d26f6d5da696
time=2024-12-26T21:18:22.168+03:00 level=INFO msg="started grpc server"
time=2024-12-26T21:19:10.331+03:00 level=INFO msg=InitSession Request="" Response="session_uuid:\"0ec0e0de-47c6-4c5e-b82c-8a631d2b232f\""
time=2024-12-26T21:19:19.575+03:00 level=INFO msg=InitSession Request="" Response="session_uuid:\"433d222e-8c8a-46e1-a959-48377434a76c\""
time=2024-12-26T21:19:26.744+03:00 level=INFO msg=CreateChat Request="session_uuid:\"\\n$0ec0e0de-47c6-4c5e-b82c-8a631d2b232f\\x10d\"" Error="rpc error: code = InvalidArgument desc = invalid uuid provided"
time=2024-12-26T21:19:38.392+03:00 level=INFO msg=CreateChat Request="session_uuid:\"\\n$0ec0e0de-47c6-4c5e-b82c-8a631d2b232f\\x10d\"" Error="rpc error: code = InvalidArgument desc = invalid uuid provided"
time=2024-12-26T21:20:04.920+03:00 level=INFO msg=CreateChat Request="session_uuid:\"\\n$433d222e-8c8a-46e1-a959-48377434a76c\\x10d\"" Error="rpc error: code = InvalidArgument desc = invalid uuid provided"
time=2024-12-26T21:22:07.839+03:00 level=INFO msg="started grpc server"
time=2024-12-26T21:22:30.918+03:00 level=INFO msg=InitSession Request="" Response="session_uuid:\"f591897c-3781-41a6-9250-240cdfdf5df0\""
time=2024-12-26T21:22:37.154+03:00 level=INFO msg=InitSession Request="" Response="session_uuid:\"aa0edeb5-43f6-4990-aa55-be9ece79e382\""
time=2024-12-26T21:22:44.411+03:00 level=INFO msg=GetActiveChats Request="" Response="Active chats successfully sent"
time=2024-12-26T21:22:51.982+03:00 level=INFO msg=CreateChat Request="session_uuid:\"aa0edeb5-43f6-4990-aa55-be9ece79e382\"  ttl:100" Response="chat_uuid:\"53dc9971-3213-4bd1-9fba-e7feacda3c0c\""
time=2024-12-26T21:22:58.883+03:00 level=INFO msg=GetActiveChats Request="" Response="Active chats successfully sent"
time=2024-12-26T21:24:08.100+03:00 level=INFO msg="started grpc server"
time=2024-12-26T21:24:18.733+03:00 level=INFO msg=InitSession Request="" Response="session_uuid:\"7a116e53-e6c6-4ba9-b433-b288f0f126f2\""
time=2024-12-26T21:24:24.478+03:00 level=INFO msg=CreateChat Request="session_uuid:\"7a116e53-e6c6-4ba9-b433-b288f0f126f2\"  ttl:100" Response="chat_uuid:\"19ab5c53-e5a1-4080-b179-f1f18b519f01\""
time=2024-12-26T21:24:28.054+03:00 level=INFO msg=GetActiveChats Request="" Response="Active chats successfully sent"
time=2024-12-26T21:24:46.194+03:00 level=INFO msg=InitSession Request="" Response="session_uuid:\"f0b6632f-a649-4d8d-8520-b0ea55df6cd0\""
time=2024-12-26T21:24:48.740+03:00 level=INFO msg=GetActiveChats Request="" Response="Active chats successfully sent"
time=2024-12-26T21:24:57.615+03:00 level=INFO msg=CreateChat Request="session_uuid:\"f0b6632f-a649-4d8d-8520-b0ea55df6cd0\"  ttl:10" Response="chat_uuid:\"bd632a4f-b934-4db3-baca-4d4b409d060d\""
time=2024-12-26T21:25:01.666+03:00 level=INFO msg=GetActiveChats Request="" Response="Active chats successfully sent"
time=2024-12-26T21:25:07.615+03:00 level=INFO msg=DeleteChat sessionUuid=f0b6632f-a649-4d8d-8520-b0ea55df6cd0 chatUuid=bd632a4f-b934-4db3-baca-4d4b409d060d
time=2024-12-26T21:25:07.630+03:00 level=INFO msg=GetActiveChats Request="" Response="Active chats successfully sent"
time=2024-12-26T21:26:04.478+03:00 level=INFO msg=DeleteChat sessionUuid=7a116e53-e6c6-4ba9-b433-b288f0f126f2 chatUuid=19ab5c53-e5a1-4080-b179-f1f18b519f01
time=2024-12-26T21:30:15.170+03:00 level=INFO msg="started grpc server"
time=2024-12-26T21:30:20.555+03:00 level=INFO msg=InitSession Request="" Response="session_uuid:\"81d70390-9d74-46b8-9287-d41e3da13291\""
time=2024-12-26T21:30:23.525+03:00 level=INFO msg=InitSession Request="" Response="session_uuid:\"56bd2c60-d54e-4c7c-9ec1-bd7989c027bc\""
time=2024-12-26T21:30:30.676+03:00 level=INFO msg=CreateChat Request="session_uuid:\"81d70390-9d74-46b8-9287-d41e3da13291\"  ttl:10" Response="chat_uuid:\"116c250d-13ae-4ad7-a0d2-f92147b3f008\""
time=2024-12-26T21:30:36.587+03:00 level=INFO msg=GetActiveChats Request="" Response="Active chats successfully sent"
time=2024-12-26T21:30:40.677+03:00 level=INFO msg=DeleteChat sessionUuid=81d70390-9d74-46b8-9287-d41e3da13291 chatUuid=116c250d-13ae-4ad7-a0d2-f92147b3f008
time=2024-12-26T21:33:45.944+03:00 level=INFO msg="started grpc server"
time=2024-12-26T21:33:55.838+03:00 level=INFO msg=GetActiveChats Request="" Response="Active chats successfully sent"
time=2024-12-26T21:34:07.080+03:00 level=INFO msg=CreateChat Request="session_uuid:\"81d70390-9d74-46b8-9287-d41e3da13291\"  ttl:100" Error="rpc error: code = NotFound desc = user doesn't exist"
time=2024-12-26T21:35:00.043+03:00 level=INFO msg="started grpc server"
time=2024-12-26T21:35:16.516+03:00 level=INFO msg=InitSession Request="" Response="session_uuid:\"b3ee0968-b88e-4736-b2ea-7433fe1721ad\""
time=2024-12-26T21:35:25.820+03:00 level=INFO msg=CreateChat Request="session_uuid:\"b3ee0968-b88e-4736-b2ea-7433fe1721ad\"  ttl:5" Response="chat_uuid:\"763aa193-8b7e-4fcc-8f7b-bf19b965538d\""
time=2024-12-26T21:35:30.821+03:00 level=INFO msg=DeleteChat sessionUuid=b3ee0968-b88e-4736-b2ea-7433fe1721ad chatUuid=763aa193-8b7e-4fcc-8f7b-bf19b965538d
time=2024-12-26T21:35:42.700+03:00 level=INFO msg=CreateChat Request="session_uuid:\"b3ee0968-b88e-4736-b2ea-7433fe1721ad\"  ttl:-1" Response="chat_uuid:\"8a1b8375-2694-4da3-9985-bef3827342b4\""
time=2024-12-26T21:35:51.401+03:00 level=INFO msg=GetActiveChats Request="" Response="Active chats successfully sent"
time=2024-12-26T21:37:03.071+03:00 level=INFO msg="started grpc server"
time=2024-12-26T21:37:15.174+03:00 level=INFO msg=InitSession Request="" Response="session_uuid:\"b5b1c8b9-e813-45b6-b291-14a84375c60f\""
time=2024-12-26T21:37:20.824+03:00 level=INFO msg=CreateChat Request="session_uuid:\"b5b1c8b9-e813-45b6-b291-14a84375c60f\"" Response="chat_uuid:\"7d992c95-13e3-4933-8750-0999cf6ea83d\""
time=2024-12-26T21:37:39.929+03:00 level=INFO msg=GetActiveChats Request="" Response="Active chats successfully sent"
time=2024-12-26T21:38:44.225+03:00 level=INFO msg="started grpc server"
time=2024-12-26T21:38:51.370+03:00 level=INFO msg=InitSession Request="" Response="session_uuid:\"03ef23e3-9059-480e-8c65-459e93e37d20\""
time=2024-12-26T21:38:57.444+03:00 level=INFO msg=CreateChat Request="session_uuid:\"03ef23e3-9059-480e-8c65-459e93e37d20\" ttl:2" Response="chat_uuid:\"37bd6242-c4fd-444d-b580-f0f8ae52bc8f\""
time=2024-12-26T21:38:59.445+03:00 level=INFO msg=DeleteChat sessionUuid=03ef23e3-9059-480e-8c65-459e93e37d20 chatUuid=37bd6242-c4fd-444d-b580-f0f8ae52bc8f
time=2024-12-26T21:39:04.718+03:00 level=INFO msg=CreateChat Request="session_uuid:\"03ef23e3-9059-480e-8c65-459e93e37d20\" ttl:22" Response="chat_uuid:\"912efca6-9a50-4e32-8e44-f2ae17ac2d43\""
time=2024-12-26T21:39:15.598+03:00 level=INFO msg=GetActiveChats Request="" Response="Active chats successfully sent"
time=2024-12-26T21:39:26.718+03:00 level=INFO msg=DeleteChat sessionUuid=03ef23e3-9059-480e-8c65-459e93e37d20 chatUuid=912efca6-9a50-4e32-8e44-f2ae17ac2d43
time=2024-12-26T21:39:54.670+03:00 level=INFO msg=InitSession Request="" Response="session_uuid:\"4d263adf-d3fe-4f30-8d01-bdfbee623e0d\""
time=2024-12-26T21:40:00.572+03:00 level=INFO msg=CreateChat Request="session_uuid:\"4d263adf-d3fe-4f30-8d01-bdfbee623e0d\" ttl:100" Response="chat_uuid:\"f474d56e-e6c6-4d22-bd14-0c2345d12b88\""
time=2024-12-26T21:40:02.547+03:00 level=INFO msg=CreateChat Request="session_uuid:\"4d263adf-d3fe-4f30-8d01-bdfbee623e0d\" ttl:100" Response="chat_uuid:\"a4f4a3ad-03f1-43e8-ac4d-30e81362e98f\""
time=2024-12-26T21:40:04.429+03:00 level=INFO msg=CreateChat Request="session_uuid:\"4d263adf-d3fe-4f30-8d01-bdfbee623e0d\" ttl:100" Response="chat_uuid:\"9081d2a8-f491-4ef2-8cc5-4222d1f71a9e\""
time=2024-12-26T21:40:06.083+03:00 level=INFO msg=CreateChat Request="session_uuid:\"4d263adf-d3fe-4f30-8d01-bdfbee623e0d\" ttl:100" Response="chat_uuid:\"b834ea4d-d1a0-4049-9eb5-c3c5f20c64aa\""
time=2024-12-26T21:40:12.565+03:00 level=INFO msg=GetActiveChats Request="" Response="Active chats successfully sent"
time=2024-12-26T21:40:38.227+03:00 level=INFO msg=SendMessage Request="chat_uuid:\"a4f4a3ad-03f1-43e8-ac4d-30e81362e98f\" session_uuid:\"4d263adf-d3fe-4f30-8d01-bdfbee623e0d\" message:\"Hello\"" Response=""
time=2024-12-26T21:41:02.144+03:00 level=INFO msg=GetHistory Request="chat_uuid:\"a4f4a3ad-03f1-43e8-ac4d-30e81362e98f\"" Response="History for chat_uuid:\"a4f4a3ad-03f1-43e8-ac4d-30e81362e98f\" successfully sent"
time=2024-12-26T21:41:40.575+03:00 level=INFO msg=DeleteChat sessionUuid=4d263adf-d3fe-4f30-8d01-bdfbee623e0d chatUuid=f474d56e-e6c6-4d22-bd14-0c2345d12b88
time=2024-12-26T21:41:42.551+03:00 level=INFO msg=DeleteChat sessionUuid=4d263adf-d3fe-4f30-8d01-bdfbee623e0d chatUuid=a4f4a3ad-03f1-43e8-ac4d-30e81362e98f
time=2024-12-26T21:41:44.430+03:00 level=INFO msg=DeleteChat sessionUuid=4d263adf-d3fe-4f30-8d01-bdfbee623e0d chatUuid=9081d2a8-f491-4ef2-8cc5-4222d1f71a9e
time=2024-12-26T21:41:46.086+03:00 level=INFO msg=DeleteChat sessionUuid=4d263adf-d3fe-4f30-8d01-bdfbee623e0d chatUuid=b834ea4d-d1a0-4049-9eb5-c3c5f20c64aa
time=2024-12-27T16:28:14.389+03:00 level=INFO msg="started grpc server"
time=2024-12-27T16:29:00.214+03:00 level=INFO msg=InitSession Request="" Response="session_uuid:\"e03425fc-9aa0-4f02-a1d1-806b41101cd2\""
time=2024-12-27T16:29:16.948+03:00 level=INFO msg=InitSession Request="" Response="session_uuid:\"049b055d-cf4c-4730-b63b-c34d6714ea90\""
time=2024-12-27T16:29:27.845+03:00 level=INFO msg=CreateChat Request="session_uuid:\"049b055d-cf4c-4730-b63b-c34d6714ea90\" ttl:500" Response="chat_uuid:\"2ec4b6a8-e734-41f6-adfb-4d86bdd0bb9a\""
time=2024-12-27T16:29:38.181+03:00 level=INFO msg=CreateChat Request="session_uuid:\"e03425fc-9aa0-4f02-a1d1-806b41101cd2\" ttl:10000" Response="chat_uuid:\"0924dff0-1a36-44e8-9c7d-ae82a69f734e\""
time=2024-12-27T16:29:41.954+03:00 level=INFO msg=CreateChat Request="session_uuid:\"e03425fc-9aa0-4f02-a1d1-806b41101cd2\" ttl:10000" Response="chat_uuid:\"7a21ad51-fc9e-42f6-be44-d4a3c5a2fb54\""
time=2024-12-27T16:29:45.008+03:00 level=INFO msg=CreateChat Request="session_uuid:\"e03425fc-9aa0-4f02-a1d1-806b41101cd2\" ttl:10000" Response="chat_uuid:\"24f72f92-b821-44ab-9507-5c031afe219b\""
time=2024-12-27T16:29:52.587+03:00 level=INFO msg=GetActiveChats Request="" Response="Active chats successfully sent"
time=2024-12-27T16:30:15.117+03:00 level=INFO msg=SendMessage Request="chat_uuid:\"24f72f92-b821-44ab-9507-5c031afe219b\" session_uuid:\"e03425fc-9aa0-4f02-a1d1-806b41101cd2\" message:\"1\"" Response=""
time=2024-12-27T16:30:23.076+03:00 level=INFO msg=SendMessage Request="chat_uuid:\"24f72f92-b821-44ab-9507-5c031afe219b\" session_uuid:\"e03425fc-9aa0-4f02-a1d1-806b41101cd2\" message:\"2\"" Response=""
time=2024-12-27T16:30:34.682+03:00 level=INFO msg=CreateChat Request="session_uuid:\"049b055d-cf4c-4730-b63b-c34d6714ea90\" ttl:100" Response="chat_uuid:\"9b4062db-ecf8-4e72-875c-133ca2334d15\""
time=2024-12-27T16:30:50.048+03:00 level=INFO msg=SendMessage Request="chat_uuid:\"24f72f92-b821-44ab-9507-5c031afe219b\" session_uuid:\"049b055d-cf4c-4730-b63b-c34d6714ea90\" message:\"3\"" Response=""
time=2024-12-27T16:30:54.976+03:00 level=INFO msg=SendMessage Request="chat_uuid:\"24f72f92-b821-44ab-9507-5c031afe219b\" session_uuid:\"049b055d-cf4c-4730-b63b-c34d6714ea90\" message:\"4\"" Response=""
time=2024-12-27T16:31:01.730+03:00 level=INFO msg=SendMessage Request="chat_uuid:\"24f72f92-b821-44ab-9507-5c031afe219b\" session_uuid:\"049b055d-cf4c-4730-b63b-c34d6714ea90\" message:\"5\"" Response=""
time=2024-12-27T16:31:07.390+03:00 level=INFO msg=SendMessage Request="chat_uuid:\"24f72f92-b821-44ab-9507-5c031afe219b\" session_uuid:\"049b055d-cf4c-4730-b63b-c34d6714ea90\" message:\"6\"" Response=""
time=2024-12-27T16:31:23.636+03:00 level=INFO msg=GetHistory Request="chat_uuid:\"24f72f92-b821-44ab-9507-5c031afe219b\"" Response="History for chat_uuid:\"24f72f92-b821-44ab-9507-5c031afe219b\" successfully sent"
time=2024-12-27T16:31:39.143+03:00 level=INFO msg=GetHistory Request="chat_uuid:\"1\"" Error="rpc error: code = InvalidArgument desc = invalid uuid provided"
time=2024-12-27T16:31:46.182+03:00 level=INFO msg=SendMessage Request="chat_uuid:\"333\" session_uuid:\"049b055d-cf4c-4730-b63b-c34d6714ea90\" message:\"l\"" Error="rpc error: code = InvalidArgument desc = invalid uuid provided"
time=2024-12-30T21:40:47.298+03:00 level=INFO msg="started grpc server"
time=2024-12-30T21:40:59.944+03:00 level=INFO msg="server stopped"
time=2024-12-30T22:24:10.624+03:00 level=INFO msg=InitSession Request="" Response="session_uuid:\"a88d3fdc-3f80-4923-9689-7858e4c9009b\""
time=2024-12-30T22:24:16.734+03:00 level=INFO msg=CreateChat Request="session_uuid:\"a88d3fdc-3f80-4923-9689-7858e4c9009b\"  ttl:100" Response="chat_uuid:\"0c5356bd-bfe5-47b5-bff3-154412aaf0d0\""
time=2024-12-30T22:24:22.446+03:00 level=INFO msg="server stopped"
time=2025-01-04T14:15:46.750+03:00 level=INFO msg="server stopped"
time=2025-01-04T14:16:02.391+03:00 level=INFO msg="server stopped"
time=2025-01-04T14:17:07.730+03:00 level=INFO msg=InitSession Request="" Response="session_uuid:\"b2cbc955-2c57-4e1c-b857-69d24aca23c9\""
time=2025-01-04T14:20:07.078+03:00 level=INFO msg="server stopped"
time=2025-01-04T14:28:50.530+03:00 level=INFO msg=InitSession Request="" Response="session_uuid:\"72462b40-8fac-4906-a237-e6ffc65d6380\""
time=2025-01-04T14:29:02.826+03:00 level=INFO msg=InitSession Request="" Response="session_uuid:\"30b2c907-1aec-4108-88e6-6142ebe79eb0\""
time=2025-01-04T14:29:35.317+03:00 level=INFO msg=InitSession Request="" Response="session_uuid:\"4e0364e7-b2e6-423e-86ef-9099b664966b\""
time=2025-01-04T14:29:46.829+03:00 level=INFO msg=CreateChat Request="session_uuid:\"4e0364e7-b2e6-423e-86ef-9099b664966b\"  ttl:10" Response="chat_uuid:\"1b563ead-0bc7-4d8a-b969-d7bd08194b43\""
time=2025-01-04T14:29:56.830+03:00 level=INFO msg=DeleteChat sessionUuid=4e0364e7-b2e6-423e-86ef-9099b664966b chatUuid=1b563ead-0bc7-4d8a-b969-d7bd08194b43
time=2025-01-04T14:30:32.780+03:00 level=INFO msg="server stopped"
time=2025-01-04T14:30:37.663+03:00 level=INFO msg="started grpc server"
time=2025-01-04T14:30:42.040+03:00 level=INFO msg=InitSession Request="" Response="session_uuid:\"101627c7-14f4-4104-b76e-f0286cb1eac2\""
time=2025-01-04T14:37:08.654+03:00 level=INFO msg="server stopped"
time=2025-01-04T15:12:56.796+03:00 level=INFO msg="started grpc server"
time=2025-01-04T15:13:02.793+03:00 level=INFO msg=InitSession Request="" Response="session_uuid:\"4fc58e9c-40d7-4df7-9ba4-b193f296f361\""
time=2025-01-04T15:13:41.453+03:00 level=INFO msg=InitSession Request="" Response="session_uuid:\"a29370b4-d886-408c-8afa-9c5dfcdec385\""
time=2025-01-04T15:14:02.077+03:00 level=INFO msg="server stopped"
